<?xml version="1.0" encoding="UTF-8"?>
<alps version="1.0">
  <title>Sample ALPS Profile for Testing</title>
  
  <descriptor id="home" type="safe" />
  <descriptor id="users" type="safe" />
  <descriptor id="user" type="safe">
    <descriptor id="name" />
    <descriptor id="email" />
  </descriptor>
  <descriptor id="createUser" type="unsafe" />
  <descriptor id="updateUser" type="idempotent" />
</alps>